  ti_arr.c
D:\develop\Sources\solu3\pointer_improve\pointer_improve\ti_arr.c(9,27): warning C4013: “arr”未定义；假设外部返回 int
ti_arr.obj : error LNK2019: 无法解析的外部符号 arr，函数 main 中引用了该符号
D:\develop\Sources\solu3\pointer_improve\x64\Debug\pointer_improve.exe : fatal error LNK1120: 1 个无法解析的外部命令
